1/5/2022 9:06:40 AM Info ICD Started
1/5/2022 9:06:47 AM Warning Image customization functionality is disabled because imaging tools are not installed.
1/5/2022 9:06:47 AM Warning Exception on reading AutoLaunchConfigScenarioId. The key 'AutoLaunchConfigScenarioId' does not exist in the appSettings configuration section.
1/5/2022 9:06:47 AM Warning Exception on reading ICDWindowTitle. The key 'ICDWindowTitle' does not exist in the appSettings configuration section.
1/5/2022 9:06:47 AM Info AutoLaunchConfigScenarioId: 00000000-0000-0000-0000-000000000000
1/5/2022 9:06:47 AM Info ICDWindowTitle: 
1/5/2022 9:07:40 AM Info Loaded Knobs schema hive at C:\Program Files (x86)\Windows Kits\10\Assessment and Deployment Kit\Imaging and Configuration Designer\x86\Microsoft-Common-Provisioning.dat
1/5/2022 9:07:40 AM Error WpxGetFileEdition (onecore\base\ntsetup\wpx\core\store.cpp:103) - 0x80070002:
1/5/2022 9:07:40 AM Error     No SKU information file C:\Program Files (x86)\Windows Kits\10\Assessment and Deployment Kit\Imaging and Configuration Designer\x86\Microsoft-Common-Provisioning.sku.xml available for store file C:\Program Files (x86)\Windows Kits\10\Assessment and Deployment Kit\Imaging and Configuration Designer\x86\Microsoft-Common-Provisioning.dat
1/5/2022 9:07:40 AM Info Loaded settings from Windows Unknown Unknown
1/5/2022 9:07:40 AM Info Loaded Knobs schema hive at C:\Program Files (x86)\Windows Kits\10\Assessment and Deployment Kit\Imaging and Configuration Designer\x86\Microsoft-Desktop-Provisioning.dat
1/5/2022 9:07:40 AM Error WpxGetFileEdition (onecore\base\ntsetup\wpx\core\store.cpp:103) - 0x80070002:
1/5/2022 9:07:40 AM Error     No SKU information file C:\Program Files (x86)\Windows Kits\10\Assessment and Deployment Kit\Imaging and Configuration Designer\x86\Microsoft-Desktop-Provisioning.sku.xml available for store file C:\Program Files (x86)\Windows Kits\10\Assessment and Deployment Kit\Imaging and Configuration Designer\x86\Microsoft-Desktop-Provisioning.dat
1/5/2022 9:07:40 AM Info Loaded settings from Windows Unknown Unknown
1/5/2022 10:09:02 AM Info Project 'ANGKOR' created successfully and added to workspace
1/5/2022 10:09:02 AM Info Loading scenario ID: ee64f926-ff3c-463c-942d-d3429845c21f, URI: http://localhost:9098/Scenarios/ee64f926-ff3c-463c-942d-d3429845c21f/Index.html
1/5/2022 11:20:18 AM Info Loading scenario ID: ee64f926-ff3c-463c-942d-d3429845c21f, URI: http://localhost:9098/Scenarios/ee64f926-ff3c-463c-942d-d3429845c21f/Index.html
1/5/2022 11:33:19 AM Info Loading scenario ID: ee64f926-ff3c-463c-942d-d3429845c21f, URI: http://localhost:9098/Scenarios/ee64f926-ff3c-463c-942d-d3429845c21f/Index.html
1/5/2022 11:51:08 AM Info Loading scenario ID: ee64f926-ff3c-463c-942d-d3429845c21f, URI: http://localhost:9098/Scenarios/ee64f926-ff3c-463c-942d-d3429845c21f/Index.html
1/5/2022 11:54:32 AM Info Loading scenario ID: ee64f926-ff3c-463c-942d-d3429845c21f, URI: http://localhost:9098/Scenarios/ee64f926-ff3c-463c-942d-d3429845c21f/Index.html
1/5/2022 11:57:10 AM Info Loading scenario ID: ee64f926-ff3c-463c-942d-d3429845c21f, URI: http://localhost:9098/Scenarios/ee64f926-ff3c-463c-942d-d3429845c21f/Index.html
1/5/2022 12:04:58 PM Info Loading scenario ID: ee64f926-ff3c-463c-942d-d3429845c21f, URI: http://localhost:9098/Scenarios/ee64f926-ff3c-463c-942d-d3429845c21f/Index.html
1/5/2022 12:08:16 PM Info Loading scenario ID: ee64f926-ff3c-463c-942d-d3429845c21f, URI: http://localhost:9098/Scenarios/ee64f926-ff3c-463c-942d-d3429845c21f/Index.html
1/5/2022 12:19:05 PM Info Loading scenario ID: ee64f926-ff3c-463c-942d-d3429845c21f, URI: http://localhost:9098/Scenarios/ee64f926-ff3c-463c-942d-d3429845c21f/Index.html
